<?xml version="1.0" encoding="UTF-8"?>
<!-- Generated by org.testng.reporters.JUnitReportReporter -->
<testsuite hostname="sai" name="day14.Xpaths" tests="1" failures="0" timestamp="26 Jul 2017 06:47:25 GMT" time="11.530" errors="0">
  <testcase name="xpathtest" time="11.530" classname="day14.Xpaths"/>
</testsuite> <!-- day14.Xpaths -->
