<?xml version="1.0" encoding="UTF-8"?>
<!-- Generated by org.testng.reporters.JUnitReportReporter -->
<testsuite hostname="sai" name="day21.SliderAutomation$DragAndDrop" tests="1" failures="0" timestamp="5 Aug 2017 06:59:23 GMT" time="1.332" errors="0">
  <testcase name="slidertest" time="1.332" classname="day21.SliderAutomation$DragAndDrop"/>
</testsuite> <!-- day21.SliderAutomation$DragAndDrop -->
