<?xml version="1.0" encoding="UTF-8"?>
<!-- Generated by org.testng.reporters.JUnitReportReporter -->
<testsuite hostname="sai" name="day19.MouseHovering" tests="1" failures="0" timestamp="2 Aug 2017 07:25:04 GMT" time="7.282" errors="0">
  <testcase name="moseHoverTest" time="7.282" classname="day19.MouseHovering"/>
</testsuite> <!-- day19.MouseHovering -->
