<?xml version="1.0" encoding="UTF-8"?>
<!-- Generated by org.testng.reporters.JUnitReportReporter -->
<testsuite hostname="sai" name="day23.DatadrivenTesting2" tests="1" failures="0" timestamp="10 Aug 2017 06:29:20 GMT" time="44.173" errors="0">
  <testcase name="registration" time="44.173" classname="day23.DatadrivenTesting2"/>
</testsuite> <!-- day23.DatadrivenTesting2 -->
