<?xml version="1.0" encoding="UTF-8"?>
<!-- Generated by org.testng.reporters.JUnitReportReporter -->
<testsuite hostname="sai" name="day16.CalanderWebtable$Xpaths" tests="1" failures="0" timestamp="28 Jul 2017 06:52:10 GMT" time="29.832" errors="0">
  <testcase name="calanderTest" time="29.832" classname="day16.CalanderWebtable$Xpaths"/>
</testsuite> <!-- day16.CalanderWebtable$Xpaths -->
