<?xml version="1.0" encoding="UTF-8"?>
<!-- Generated by org.testng.reporters.JUnitReportReporter -->
<testsuite hostname="sai" name="day14.WebtableTesting" tests="1" failures="0" timestamp="27 Jul 2017 06:46:37 GMT" time="42.035" errors="0">
  <testcase name="webtableTest" time="42.035" classname="day14.WebtableTesting"/>
</testsuite> <!-- day14.WebtableTesting -->
