<?xml version="1.0" encoding="UTF-8"?>
<!-- Generated by org.testng.reporters.JUnitReportReporter -->
<testsuite hostname="sai" name="day23.LoginUsingPropertiesFile" tests="1" failures="0" timestamp="10 Aug 2017 07:08:33 GMT" time="5.692" errors="0">
  <testcase name="loginTest" time="5.692" classname="day23.LoginUsingPropertiesFile"/>
</testsuite> <!-- day23.LoginUsingPropertiesFile -->
