<?xml version="1.0" encoding="UTF-8"?>
<!-- Generated by org.testng.reporters.JUnitReportReporter -->
<testsuite hostname="sai" name="day26.ExplicitWait_Fluentwait" tests="1" failures="0" timestamp="14 Aug 2017 06:38:34 GMT" time="28.080" errors="0">
  <testcase name="waitTest" time="28.080" classname="day26.ExplicitWait_Fluentwait"/>
</testsuite> <!-- day26.ExplicitWait_Fluentwait -->
