<?xml version="1.0" encoding="UTF-8"?>
<!-- Generated by org.testng.reporters.JUnitReportReporter -->
<testsuite hostname="sai" name="day26.LoginUsingGrid" tests="1" failures="0" timestamp="15 Aug 2017 06:22:15 GMT" time="16.524" errors="0">
  <testcase name="loginTest" time="16.524" classname="day26.LoginUsingGrid"/>
</testsuite> <!-- day26.LoginUsingGrid -->
