<?xml version="1.0" encoding="UTF-8"?>
<!-- Generated by org.testng.reporters.JUnitReportReporter -->
<testsuite hostname="sai" name="day13.ElementPresenceTest" tests="1" failures="0" timestamp="24 Jul 2017 07:21:01 GMT" time="0.414" errors="0">
  <testcase name="elementTest" time="0.414" classname="day13.ElementPresenceTest"/>
</testsuite> <!-- day13.ElementPresenceTest -->
