<?xml version="1.0" encoding="UTF-8"?>
<!-- Generated by org.testng.reporters.JUnitReportReporter -->
<testsuite hostname="sai" name="day19.FramesTesting" tests="1" failures="0" timestamp="2 Aug 2017 06:43:19 GMT" time="2.542" errors="0">
  <testcase name="framestest" time="2.542" classname="day19.FramesTesting"/>
</testsuite> <!-- day19.FramesTesting -->
