<?xml version="1.0" encoding="UTF-8"?>
<!-- Generated by org.testng.reporters.JUnitReportReporter -->
<testsuite hostname="sai" name="day14.XpathCreation1" tests="1" failures="0" timestamp="26 Jul 2017 06:31:11 GMT" time="11.066" errors="0">
  <testcase name="googleNewTest" time="11.066" classname="day14.XpathCreation1"/>
</testsuite> <!-- day14.XpathCreation1 -->
