<?xml version="1.0" encoding="UTF-8"?>
<!-- Generated by org.testng.reporters.JUnitReportReporter -->
<testsuite hostname="sai" name="day24.LoginUsingKeywords" tests="1" failures="0" timestamp="11 Aug 2017 06:51:42 GMT" time="26.545" errors="0">
  <testcase name="loginTest" time="26.545" classname="day24.LoginUsingKeywords"/>
</testsuite> <!-- day24.LoginUsingKeywords -->
