<?xml version="1.0" encoding="UTF-8"?>
<!-- Generated by org.testng.reporters.JUnitReportReporter -->
<testsuite hostname="sai" name="day22.DatadrivenTesting1" tests="1" failures="0" timestamp="7 Aug 2017 07:36:25 GMT" time="51.696" errors="0">
  <testcase name="registration" time="51.696" classname="day22.DatadrivenTesting1"/>
</testsuite> <!-- day22.DatadrivenTesting1 -->
