<?xml version="1.0" encoding="UTF-8"?>
<!-- Generated by org.testng.reporters.JUnitReportReporter -->
<testsuite hostname="sai" name="day31.pomtestcases.POM_LoginTestCase" tests="1" failures="0" timestamp="29 Aug 2017 06:55:13 GMT" time="65.710" errors="0">
  <testcase name="loginTest" time="65.710" classname="day31.pomtestcases.POM_LoginTestCase"/>
</testsuite> <!-- day31.pomtestcases.POM_LoginTestCase -->
