<?xml version="1.0" encoding="UTF-8"?>
<!-- Generated by org.testng.reporters.JUnitReportReporter -->
<testsuite hostname="sai" name="day17.TabAndPopupHandling" tests="1" failures="0" timestamp="29 Jul 2017 06:50:37 GMT" time="13.884" errors="0">
  <testcase name="multipleWindowTest" time="13.884" classname="day17.TabAndPopupHandling"/>
</testsuite> <!-- day17.TabAndPopupHandling -->
