<?xml version="1.0" encoding="UTF-8"?>
<!-- Generated by org.testng.reporters.JUnitReportReporter -->
<testsuite hostname="sai" name="day13.RadioButtonsTesting" tests="1" failures="0" timestamp="24 Jul 2017 07:03:12 GMT" time="3.727" errors="0">
  <testcase name="radioButtonsTest" time="3.727" classname="day13.RadioButtonsTesting"/>
</testsuite> <!-- day13.RadioButtonsTesting -->
