<?xml version="1.0" encoding="UTF-8"?>
<!-- Generated by org.testng.reporters.JUnitReportReporter -->
<testsuite hostname="sai" name="day13.Sample" tests="2" failures="0" timestamp="24 Jul 2017 06:43:56 GMT" time="0.094" errors="0">
  <testcase name="registration" time="0.018" classname="day13.Sample"/>
  <testcase name="loginTest" time="0.076" classname="day13.Sample"/>
</testsuite> <!-- day13.Sample -->
