<?xml version="1.0" encoding="UTF-8"?>
<!-- Generated by org.testng.reporters.JUnitReportReporter -->
<testsuite hostname="sai" name="day21.DragAndDrop" tests="1" failures="0" timestamp="5 Aug 2017 06:50:34 GMT" time="4.796" errors="0">
  <testcase name="dragAndDroptest" time="4.796" classname="day21.DragAndDrop"/>
</testsuite> <!-- day21.DragAndDrop -->
