<?xml version="1.0" encoding="UTF-8"?>
<!-- Generated by org.testng.reporters.JUnitReportReporter -->
<testsuite hostname="sai" name="day28.CloudTesting" tests="3" failures="0" timestamp="17 Aug 2017 07:02:45 GMT" time="1306.619" errors="0">
  <testcase name="dropdownTest" time="653.309" classname="day28.CloudTesting"/>
  <testcase name="dropdownTest" time="367.307" classname="day28.CloudTesting"/>
  <testcase name="dropdownTest" time="286.003" classname="day28.CloudTesting"/>
</testsuite> <!-- day28.CloudTesting -->
