<?xml version="1.0" encoding="UTF-8"?>
<!-- Generated by org.testng.reporters.JUnitReportReporter -->
<testsuite hostname="sai" name="day24.testuite.AddEmployee" tests="1" failures="0" timestamp="11 Aug 2017 07:48:38 GMT" time="9.675" errors="0">
  <testcase name="addEmployeeTest" time="9.675" classname="day24.testuite.AddEmployee"/>
</testsuite> <!-- day24.testuite.AddEmployee -->
