<?xml version="1.0" encoding="UTF-8"?>
<!-- Generated by org.testng.reporters.JUnitReportReporter -->
<testsuite hostname="sai" name="day14.DynamicCSSSelectors" tests="1" failures="0" timestamp="27 Jul 2017 06:27:58 GMT" time="6.597" errors="0">
  <testcase name="cssTest" time="6.597" classname="day14.DynamicCSSSelectors"/>
</testsuite> <!-- day14.DynamicCSSSelectors -->
