<?xml version="1.0" encoding="UTF-8"?>
<!-- Generated by org.testng.reporters.JUnitReportReporter -->
<testsuite hostname="sai" name="day25.ExplicitWait_WebDriverwait" tests="1" failures="0" timestamp="12 Aug 2017 07:15:42 GMT" time="23.623" errors="0">
  <testcase name="waitTest" time="23.623" classname="day25.ExplicitWait_WebDriverwait"/>
</testsuite> <!-- day25.ExplicitWait_WebDriverwait -->
