<?xml version="1.0" encoding="UTF-8"?>
<!-- Generated by org.testng.reporters.JUnitReportReporter -->
<testsuite hostname="sai" name="day31.pomtestcases.POM_RegistrationTestCase" tests="1" failures="0" timestamp="30 Aug 2017 06:51:50 GMT" time="36.573" errors="0">
  <testcase name="registration" time="36.573" classname="day31.pomtestcases.POM_RegistrationTestCase"/>
</testsuite> <!-- day31.pomtestcases.POM_RegistrationTestCase -->
