<?xml version="1.0" encoding="UTF-8"?>
<!-- Generated by org.testng.reporters.JUnitReportReporter -->
<testsuite hostname="sai" name="day24.testuite.DeleteEmployee" tests="1" failures="0" timestamp="11 Aug 2017 07:48:38 GMT" time="34.313" errors="0">
  <testcase name="deleteTest" time="34.313" classname="day24.testuite.DeleteEmployee"/>
</testsuite> <!-- day24.testuite.DeleteEmployee -->
